<?xml version="1.0" encoding="UTF-8"?>
<!-- Generated by org.testng.reporters.JUnitReportReporter -->
<testsuite hostname="DESKTOP-G4VDTAR" failures="0" tests="1" name="com.TestCases.LoginPageTest" time="6.227" errors="0" timestamp="2022-07-26T21:32:06 EDT" skipped="0">
  <testcase classname="com.TestCases.LoginPageTest" name="VerifyLoginPage" time="6.227"/>
  <system-out/>
</testsuite> <!-- com.TestCases.LoginPageTest -->
